{"contracts/interfaces/IMerkleDistributor.sol":{"l":{},"path":"/Users/zilanouyang/Codes/merkle-distributor-test/contracts/interfaces/IMerkleDistributor.sol","s":{},"b":{},"f":{},"fnMap":{},"statementMap":{},"branchMap":{}},"contracts/MerkleDistributor.sol":{"l":{"16":75,"17":75,"21":86,"22":86,"23":86,"24":86,"25":86,"29":71,"30":71,"31":71,"35":82,"38":75,"39":75,"42":71,"43":71,"45":70},"path":"/Users/zilanouyang/Codes/merkle-distributor-test/contracts/MerkleDistributor.sol","s":{"1":75,"2":75,"3":86,"4":86,"5":86,"6":86,"7":86,"8":71,"9":71,"10":71,"11":82,"12":75,"13":75,"14":71,"15":71,"16":70},"b":{"1":[75,7],"2":[71,4],"3":[70,1]},"f":{"1":75,"2":86,"3":71,"4":82},"fnMap":{"1":{"name":"constructor","line":15,"loc":{"start":{"line":15,"column":4},"end":{"line":18,"column":4}}},"2":{"name":"isClaimed","line":20,"loc":{"start":{"line":20,"column":4},"end":{"line":26,"column":4}}},"3":{"name":"_setClaimed","line":28,"loc":{"start":{"line":28,"column":4},"end":{"line":32,"column":4}}},"4":{"name":"claim","line":34,"loc":{"start":{"line":34,"column":4},"end":{"line":46,"column":4}}}},"statementMap":{"1":{"start":{"line":16,"column":8},"end":{"line":16,"column":21}},"2":{"start":{"line":17,"column":8},"end":{"line":17,"column":31}},"3":{"start":{"line":21,"column":8},"end":{"line":21,"column":46}},"4":{"start":{"line":22,"column":8},"end":{"line":22,"column":45}},"5":{"start":{"line":23,"column":8},"end":{"line":23,"column":61}},"6":{"start":{"line":24,"column":8},"end":{"line":24,"column":45}},"7":{"start":{"line":25,"column":8},"end":{"line":25,"column":41}},"8":{"start":{"line":29,"column":8},"end":{"line":29,"column":46}},"9":{"start":{"line":30,"column":8},"end":{"line":30,"column":45}},"10":{"start":{"line":31,"column":8},"end":{"line":31,"column":97}},"11":{"start":{"line":35,"column":8},"end":{"line":35,"column":77}},"12":{"start":{"line":38,"column":8},"end":{"line":38,"column":74}},"13":{"start":{"line":39,"column":8},"end":{"line":39,"column":102}},"14":{"start":{"line":42,"column":8},"end":{"line":42,"column":25}},"15":{"start":{"line":43,"column":8},"end":{"line":43,"column":94}},"16":{"start":{"line":45,"column":8},"end":{"line":45,"column":44}}},"branchMap":{"1":{"line":35,"type":"if","locations":[{"start":{"line":35,"column":8},"end":{"line":35,"column":8}},{"start":{"line":35,"column":8},"end":{"line":35,"column":8}}]},"2":{"line":39,"type":"if","locations":[{"start":{"line":39,"column":8},"end":{"line":39,"column":8}},{"start":{"line":39,"column":8},"end":{"line":39,"column":8}}]},"3":{"line":43,"type":"if","locations":[{"start":{"line":43,"column":8},"end":{"line":43,"column":8}},{"start":{"line":43,"column":8},"end":{"line":43,"column":8}}]}}},"contracts/test/TestERC20.sol":{"l":{"8":75,"14":97,"15":97,"16":21,"18":1},"path":"/Users/zilanouyang/Codes/merkle-distributor-test/contracts/test/TestERC20.sol","s":{"1":75,"2":97,"3":97,"4":21,"5":76,"6":1},"b":{"1":[21,76],"2":[1,75]},"f":{"1":75,"2":97},"fnMap":{"1":{"name":"constructor","line":7,"loc":{"start":{"line":7,"column":4},"end":{"line":9,"column":4}}},"2":{"name":"setBalance","line":13,"loc":{"start":{"line":13,"column":4},"end":{"line":20,"column":4}}}},"statementMap":{"1":{"start":{"line":8,"column":8},"end":{"line":8,"column":43}},"2":{"start":{"line":14,"column":8},"end":{"line":14,"column":32}},"3":{"start":{"line":15,"column":8},"end":{"line":15,"column":532}},"4":{"start":{"line":16,"column":12},"end":{"line":16,"column":34}},"5":{"start":{"line":17,"column":15},"end":{"line":17,"column":604}},"6":{"start":{"line":18,"column":12},"end":{"line":18,"column":34}}},"branchMap":{"1":{"line":15,"type":"if","locations":[{"start":{"line":15,"column":8},"end":{"line":15,"column":8}},{"start":{"line":15,"column":8},"end":{"line":15,"column":8}}]},"2":{"line":17,"type":"if","locations":[{"start":{"line":17,"column":15},"end":{"line":17,"column":15}},{"start":{"line":17,"column":15},"end":{"line":17,"column":15}}]}}}}