TN:
SF:/Users/zilanouyang/Codes/merkle-distributor-test/contracts/interfaces/IMerkleDistributor.sol
FNF:0
FNH:0
LF:0
LH:0
BRF:0
BRH:0
end_of_record
TN:
SF:/Users/zilanouyang/Codes/merkle-distributor-test/contracts/MerkleDistributor.sol
FN:15,constructor
FN:20,isClaimed
FN:28,_setClaimed
FN:34,claim
FNF:4
FNH:4
FNDA:75,constructor
FNDA:86,isClaimed
FNDA:71,_setClaimed
FNDA:82,claim
DA:16,75
DA:17,75
DA:21,86
DA:22,86
DA:23,86
DA:24,86
DA:25,86
DA:29,71
DA:30,71
DA:31,71
DA:35,82
DA:38,75
DA:39,75
DA:42,71
DA:43,71
DA:45,70
LF:16
LH:16
BRDA:35,1,0,75
BRDA:35,1,1,7
BRDA:39,2,0,71
BRDA:39,2,1,4
BRDA:43,3,0,70
BRDA:43,3,1,1
BRF:6
BRH:6
end_of_record
TN:
SF:/Users/zilanouyang/Codes/merkle-distributor-test/contracts/test/TestERC20.sol
FN:7,constructor
FN:13,setBalance
FNF:2
FNH:2
FNDA:75,constructor
FNDA:97,setBalance
DA:8,75
DA:14,97
DA:15,97
DA:16,21
DA:18,1
LF:5
LH:5
BRDA:15,1,0,21
BRDA:15,1,1,76
BRDA:17,2,0,1
BRDA:17,2,1,75
BRF:4
BRH:4
end_of_record
