TN:
SF:/Users/zilanouyang/Codes/merkle-distributor-test/contracts/interfaces/IMerkleDistributor.sol
FNF:0
FNH:0
LF:0
LH:0
BRF:0
BRH:0
end_of_record
TN:
SF:/Users/zilanouyang/Codes/merkle-distributor-test/contracts/MerkleDistributor.sol
FN:15,constructor
FN:20,isClaimed
FN:28,_setClaimed
FN:34,claim
FNF:4
FNH:4
FNDA:57,constructor
FNDA:31,isClaimed
FNDA:16,_setClaimed
FNDA:27,claim
DA:16,57
DA:17,57
DA:21,31
DA:22,31
DA:23,31
DA:24,31
DA:25,31
DA:29,16
DA:30,16
DA:31,16
DA:35,27
DA:38,20
DA:39,20
DA:42,16
DA:43,16
DA:45,15
LF:16
LH:16
BRDA:35,1,0,20
BRDA:35,1,1,7
BRDA:39,2,0,16
BRDA:39,2,1,4
BRDA:43,3,0,15
BRDA:43,3,1,1
BRF:6
BRH:6
end_of_record
TN:
SF:/Users/zilanouyang/Codes/merkle-distributor-test/contracts/test/TestERC20.sol
FN:7,constructor
FN:13,setBalance
FNF:2
FNH:2
FNDA:57,constructor
FNDA:73,setBalance
DA:8,57
DA:14,73
DA:15,73
DA:16,15
DA:18,1
LF:5
LH:5
BRDA:15,1,0,15
BRDA:15,1,1,58
BRDA:17,2,0,1
BRDA:17,2,1,57
BRF:4
BRH:4
end_of_record
